<?xml version="1.0" encoding="UTF-8"?>
<!-- Generated by org.testng.reporters.JUnitXMLReporter -->
<testsuite ignored="0" hostname="PVGN56590495A" failures="1" tests="13" name="Command line test" time="222.935" errors="0" timestamp="16 Sep 2020 06:14:50 GMT">
  <testcase classname="webDriver3.MultipleBrowserSearchTest" name="@BeforeClass beforeTest" time="0.0">
    <failure type="org.testng.TestNGException" message="
Parameter &amp;apos;browser&amp;apos; is required by BeforeClass on method beforeTest but has not been marked @Optional or defined
">
      <![CDATA[org.testng.TestNGException: 
Parameter 'browser' is required by BeforeClass on method beforeTest but has not been marked @Optional or defined

... Removed 33 stack frames]]>
    </failure>
  </testcase> <!-- @BeforeClass beforeTest -->
  <testcase classname="webDriver3.MultipleBrowserSearchTest" name="@AfterClass afterTest" time="0.0">
    <skipped/>
  </testcase> <!-- @AfterClass afterTest -->
  <testcase classname="webDriver3.chapter12.DataProviderTest" name="test" time="23.84"/>
  <testcase classname="webDriver3.chapter12.DataProviderTest" name="test" time="23.715"/>
  <testcase classname="webDriver3.chapter12.DataProviderTest" name="test" time="19.432"/>
  <testcase classname="webDriver3.chapter12.TestDataDrivenByCSVFile" name="testSearch" time="15.016"/>
  <testcase classname="webDriver3.chapter12.TestDataDrivenByCSVFile" name="testSearch" time="14.737"/>
  <testcase classname="webDriver3.chapter12.TestDataDrivenByCSVFile" name="testSearch" time="14.688"/>
  <testcase classname="webDriver3.chapter12.TestDataDrivenByCSVFile" name="testSearch" time="14.614"/>
  <testcase classname="webDriver3.chapter12.TestDataDrivenByExcelFile" name="testSearch" time="11.939"/>
  <testcase classname="webDriver3.chapter12.TestDataDrivenByExcelFile" name="testSearch" time="13.456">
    <failure type="java.lang.AssertionError" message="expected [true] but found [false]">
      <![CDATA[java.lang.AssertionError: expected [true] but found [false]
at webDriver3.chapter12.TestDataDrivenByExcelFile.testSearch(TestDataDrivenByExcelFile.java:45)
... Removed 39 stack frames]]>
    </failure>
  </testcase> <!-- testSearch -->
  <testcase classname="webDriver3.chapter12.TestDataDrivenByExcelFile" name="testSearch" time="12.632"/>
  <testcase classname="webDriver3.chapter12.TestDataDrivenByExcelFile" name="testSearch" time="12.64"/>
  <testcase classname="webDriver3.chapter12.TestDataDrivenByExcelFile" name="testSearch" time="15.236"/>
  <testcase classname="webDriver3.MultipleBrowserSearchTest" name="testSogouSearch" time="0.0">
    <skipped/>
  </testcase> <!-- testSogouSearch -->
</testsuite> <!-- Command line test -->
